\BOOKMARK [1][-]{section.1}{Crescent Labelled Trees}{}% 1
\BOOKMARK [1][-]{section.2}{Polynomial Method}{}% 2
\BOOKMARK [1][-]{section.3}{Distance Multiplicities in Unweighted Graphs}{}% 3
\BOOKMARK [2][-]{subsection.3.1}{Conjectures}{section.3}% 4
\BOOKMARK [1][-]{section.4}{Construction with Large Gap Between Max Multiplicity and `39`42`"613A``45`47`"603Amult\(2\)}{}% 5
\BOOKMARK [1][-]{section.5}{Distance Multisets of Specific Graphs}{}% 6
\BOOKMARK [2][-]{subsection.5.1}{Paths, Cycles, and Grid Graphs}{section.5}% 7
\BOOKMARK [2][-]{subsection.5.2}{Only K2 and K1,3 have Uniform Distance Multiplicities}{section.5}% 8
\BOOKMARK [2][-]{subsection.5.3}{Finding Distance Multisets of Small Diameter Trees}{section.5}% 9
\BOOKMARK [3][-]{subsubsection.5.3.1}{Discussion on Larger Diameter Trees}{subsection.5.3}% 10
\BOOKMARK [1][-]{section.6}{Finding Graph Distances From Vertex Distances \(Global from Local\)}{}% 11
\BOOKMARK [2][-]{subsection.6.1}{Eccentricity and Distance Multisets of Connected Graphs}{section.6}% 12
\BOOKMARK [1][-]{section.7}{Graph Distance Multiplicity Vector Space}{}% 13
\BOOKMARK [1][-]{section.8}{Key Paper Ideas}{}% 14
\BOOKMARK [2][-]{subsection.8.1}{Determine Distance Multisets of Particular Graph Classes}{section.8}% 15
\BOOKMARK [3][-]{subsubsection.8.1.1}{Grids, Tori, and Their Products}{subsection.8.1}% 16
\BOOKMARK [3][-]{subsubsection.8.1.2}{Trees}{subsection.8.1}% 17
\BOOKMARK [3][-]{subsubsection.8.1.3}{Other Graph Classes?}{subsection.8.1}% 18
\BOOKMARK [2][-]{subsection.8.2}{Express Graph Distance Multiplicities in Terms of Degree Sequence and Minimal Substructure}{section.8}% 19
\BOOKMARK [3][-]{subsubsection.8.2.1}{Generalized Handshaking and Symmetry}{subsection.8.2}% 20
\BOOKMARK [3][-]{subsubsection.8.2.2}{Small Diameter Trees}{subsection.8.2}% 21
\BOOKMARK [2][-]{subsection.8.3}{Uniform Multiplicity Graph Classification}{section.8}% 22
\BOOKMARK [3][-]{subsubsection.8.3.1}{Extend Result on Trees}{subsection.8.3}% 23
\BOOKMARK [2][-]{subsection.8.4}{Probing Various Graph Distance Multiplicity Parameters: Max Multiplicity, Number of Distinct Multiplicities, and Number of Graphs Realizing a Distance Multiset}{section.8}% 24
\BOOKMARK [1][-]{section.9}{Extremal Numbers for Distance Multiplicities in Trees}{}% 25
\BOOKMARK [2][-]{subsection.9.1}{More General Approach}{section.9}% 26
\BOOKMARK [2][-]{subsection.9.2}{Restarting the Proof}{section.9}% 27
\BOOKMARK [2][-]{subsection.9.3}{Technique for Constructing Caterpillar with Half its Multiplicities Specified by the Square of a Known Generating Function}{section.9}% 28
\BOOKMARK [2][-]{subsection.9.4}{Constructing Trees That Maximize Multiplicity for a Given Distance}{section.9}% 29
\BOOKMARK [1][-]{section.10}{Diameter Distance Removal Algorithm}{}% 30
\BOOKMARK [1][-]{section.11}{Distance Multiplicities Projects \(June 2023\)}{}% 31
\BOOKMARK [2][-]{subsection.11.1}{Crescent Sets in Graphs}{section.11}% 32
\BOOKMARK [2][-]{subsection.11.2}{Minimal Tree Distance Multiset Covering}{section.11}% 33
\BOOKMARK [2][-]{subsection.11.3}{Classifying Winograd Families}{section.11}% 34
\BOOKMARK [2][-]{subsection.11.4}{Classify AP Pairs based on Multiplicity Conditions}{section.11}% 35
\BOOKMARK [2][-]{subsection.11.5}{Distance Max Multiplicity Games}{section.11}% 36
\BOOKMARK [1][-]{section.12}{Multiplicities as Matrix Vector Product in Trees \(Nov 2023\)}{}% 37
\BOOKMARK [1][-]{section.13}{Nullstellensatz Revisited}{}% 38
